<?xml version="1.0" encoding="UTF-8"?>
<!-- Generated by org.testng.reporters.JUnitReportReporter -->
<testsuite hostname="Karishma-Barot-TH" failures="0" tests="2" name="testCases.LoginTCs" time="24.106" errors="0" timestamp="2024-03-27T12:17:35 IST" skipped="0">
  <testcase classname="testCases.LoginTCs" name="testIntroScreen" time="3.412"/>
  <testcase classname="testCases.LoginTCs" name="testLogin" time="20.694"/>
</testsuite> <!-- testCases.LoginTCs -->
