<?xml version="1.0" encoding="UTF-8"?>
<!-- Generated by org.testng.reporters.JUnitReportReporter -->
<testsuite hostname="Karishma-Barot-TH" failures="0" tests="2" name="testCases.TheragunMiniTCs" time="34.323" errors="0" timestamp="2024-03-27T12:17:35 IST" skipped="0">
  <testcase classname="testCases.TheragunMiniTCs" name="testSelectDevice" time="11.925"/>
  <testcase classname="testCases.TheragunMiniTCs" name="testForgetDevice" time="22.398"/>
</testsuite> <!-- testCases.TheragunMiniTCs -->
