<?xml version="1.0" encoding="UTF-8"?>
<!-- Generated by org.testng.reporters.JUnitReportReporter -->
<testsuite hostname="Karishma-Barot-TH" failures="0" tests="9" name="testCases.WaveSeriesOtherRollerTCs" time="182.892" errors="0" timestamp="2024-03-27T12:17:35 IST" skipped="0">
  <testcase classname="testCases.WaveSeriesOtherRollerTCs" name="testPairOtherRollerDevice" time="7.898"/>
  <testcase classname="testCases.WaveSeriesOtherRollerTCs" name="testSelectRoutine" time="3.085"/>
  <testcase classname="testCases.WaveSeriesOtherRollerTCs" name="testNotConnectedMode" time="6.211"/>
  <testcase classname="testCases.WaveSeriesOtherRollerTCs" name="testPreferencesOnProfile" time="11.503"/>
  <testcase classname="testCases.WaveSeriesOtherRollerTCs" name="testTipForNonBLE" time="6.695"/>
  <testcase classname="testCases.WaveSeriesOtherRollerTCs" name="testRoutineCompletionForNonBLE" time="59.004"/>
  <testcase classname="testCases.WaveSeriesOtherRollerTCs" name="testSaveRoutineFromCompletionScreen" time="5.120"/>
  <testcase classname="testCases.WaveSeriesOtherRollerTCs" name="testUnSaveRoutineFromRoutineCompletionScreen" time="73.284"/>
  <testcase classname="testCases.WaveSeriesOtherRollerTCs" name="testForgetDevice" time="10.092"/>
</testsuite> <!-- testCases.WaveSeriesOtherRollerTCs -->
